     1 00000000 EB58                        jmp     ipl
     2                                  
     3                                  
     4                                      ; --- BIOS Parameter Block ---
     5 00000002 90<rept>                    times   90 - ($ - $$) db 0x90
     6                                  
     7                                  
     8                                      ; --- Initial Program Loader ---
     9                                  ipl:
    10                                      BOOT_LOAD   equ     0x7c00
    11                                  
    12 0000005A FA                          cli
    13                                  
    14 0000005B B80000                      mov     ax, 0x00
    15 0000005E 8ED8                        mov     ds, ax
    16 00000060 8EC0                        mov     es, ax
    17 00000062 8ED0                        mov     ss, ax                  ; ds = es = ss = 0
    18 00000064 BC007C                      mov     sp, BOOT_LOAD           ; sp = 0x7c00
    19                                  
    20 00000067 FB                          sti
    21                                  
    22 00000068 8816[7800]                  mov     [BOOT.DRIVE],    dl     ; save drive number
    23                                  
    24 0000006C B041                        mov     al, 'A'                 ; write text in teletype mode
    25 0000006E B40E                        mov     ah, 0x0E
    26 00000070 BB0000                      mov     bx, 0x00
    27 00000073 CD10                        int     0x10
    28                                  
    29 00000075 EBFE                        jmp     $                       ; while(1);
    30                                  
    31                                  
    32 00000077 00                          ALIGN 2, db 0
    33                                  BOOT:
    34 00000078 0000                    .DRIVE:     dw  0                   ; Drive number
    35                                  
    36                                  
    37 0000007A 00<rept>                    times   510 - ($ - $$) db 0x00
    38 000001FE 55AA                        db      0x55, 0xAA              ; boot flag
